<?xml version="1.0" encoding="UTF-8"?>
<testsuite name="map.editor.AppTest" tests="1" skipped="0" failures="0" errors="0" timestamp="2023-02-19T03:32:48" hostname="DESKTOP-CTHEIRE" time="0.005">
  <properties/>
  <testcase name="appHasAGreeting" classname="map.editor.AppTest" time="0.005"/>
  <system-out><![CDATA[]]></system-out>
  <system-err><![CDATA[]]></system-err>
</testsuite>
